main
{
declare integer x ;
declare integer y ;
declare integer z ;
declare string sa ;
declare string sb ;
declare string sc ;
declare integer function strlen ( string p ) ;
x = 1 ;
y = 5 + 2 ;
sa = '1234567890' ;
sb = '1234567890' ;
z = fi ( x , y ) ;
sc = fs ( sa , sb ) ;
print 'контрольный' ;
print z ;
print sc ;
print strlen ( sc ) ;
return 0 ;
} ;

Таблица лексем:
1 m
2 {
3 dti;
4 dti;
5 dti;
6 dti;
7 dti;
8 dti;
9 dtfi(ti);
10 i=l;
11 i=l+l;
12 i=l;
13 i=l;
14 i=i(i,i);
15 i=i(i,i);
16 pi;
17 pi;
18 pi;
19 pi(i);
20 rl;
21 };

Таблица идентификаторов:
Тип данных: INT 	 идентификатор: x	 строка: 3	значение: 0	 тип идентификатора: переменная
Тип данных: INT 	 идентификатор: y	 строка: 4	значение: 0	 тип идентификатора: переменная
Тип данных: INT 	 идентификатор: z	 строка: 5	значение: 0	 тип идентификатора: переменная
Тип данных: STRING 	 идентификатор: sa	 строка: 6	длина: 0	 тип идентификатора: переменная
Тип данных: STRING 	 идентификатор: sb	 строка: 7	длина: 0	 тип идентификатора: переменная
Тип данных: STRING 	 идентификатор: sc	 строка: 8	длина: 0	 тип идентификатора: переменная
Тип данных: INT 	 идентификатор: strlen	 строка: 9	значение: 0	 тип идентификатора: функция
Тип данных: STRING 	 идентификатор: strlenp	 строка: 9	длина: 0	 тип идентификатора: параметр
Тип данных: INT 	 идентификатор: mainx	 строка: 10	значение: 1	 тип идентификатора: переменная
Тип данных: INT 	 идентификатор: L0	 строка: 10	значение: 1	 тип идентификатора: литерал
Тип данных: INT 	 идентификатор: mainy	 строка: 11	значение: 5	 тип идентификатора: переменная
Тип данных: INT 	 идентификатор: L1	 строка: 11	значение: 5	 тип идентификатора: литерал
Тип данных: INT 	 идентификатор: L2	 строка: 11	значение: 2	 тип идентификатора: литерал
Тип данных: STRING 	 идентификатор: mainsa	 строка: 12	длина: 12	 тип идентификатора: переменная	 значение: '1234567890'
Тип данных: STRING 	 идентификатор: L3	 строка: 12	длина: 12	 тип идентификатора: литерал	 значение: '1234567890'
Тип данных: STRING 	 идентификатор: mainsb	 строка: 13	длина: 12	 тип идентификатора: переменная	 значение: '1234567890'
Тип данных: STRING 	 идентификатор: L4	 строка: 13	длина: 12	 тип идентификатора: литерал	 значение: '1234567890'
Тип данных: INT 	 идентификатор: strlen	 строка: 19	значение: 0	 тип идентификатора: функция
Тип данных: INT 	 идентификатор: L5	 строка: 20	значение: 0	 тип идентификатора: литерал

