  Assembling asm02.asm...
asm02.asm(1): error A2008: syntax error : .
asm02.asm(3): error A2008: syntax error : .
asm02.asm(9): error A2008: syntax error : .
asm02.asm(15): error A2044: invalid character in file
asm02.asm(16): error A2044: invalid character in file
asm02.asm(17): error A2044: invalid character in file
asm02.asm(18): error A2044: invalid character in file
asm02.asm(19): error A2044: invalid character in file
asm02.asm(20): error A2044: invalid character in file
asm02.asm(21): error A2044: invalid character in file
asm02.asm(22): error A2044: invalid character in file
asm02.asm(23): error A2044: invalid character in file
asm02.asm(24): error A2044: invalid character in file
asm02.asm(25): error A2044: invalid character in file
asm02.asm(26): error A2044: invalid character in file
asm02.asm(27): error A2044: invalid character in file
asm02.asm(28): error A2044: invalid character in file
asm02.asm(29): error A2044: invalid character in file
asm02.asm(30): error A2044: invalid character in file
asm02.asm(31): error A2044: invalid character in file
asm02.asm(32): error A2044: invalid character in file
asm02.asm(33): error A2044: invalid character in file
asm02.asm(34): error A2044: invalid character in file
asm02.asm(35): error A2044: invalid character in file
asm02.asm(36): error A2044: invalid character in file
asm02.asm(37): error A2044: invalid character in file
asm02.asm(38): error A2044: invalid character in file
asm02.asm(39): error A2044: invalid character in file
asm02.asm(40): error A2044: invalid character in file
asm02.asm(41): error A2044: invalid character in file
asm02.asm(42): error A2044: invalid character in file
asm02.asm(43): error A2044: invalid character in file
asm02.asm(44): error A2044: invalid character in file
asm02.asm(45): error A2044: invalid character in file
asm02.asm(46): error A2044: invalid character in file
asm02.asm(47): error A2044: invalid character in file
asm02.asm(48): error A2044: invalid character in file
asm02.asm(49): error A2044: invalid character in file
asm02.asm(50): error A2044: invalid character in file
asm02.asm(51): error A2044: invalid character in file
asm02.asm(52): error A2044: invalid character in file
asm02.asm(53): error A2044: invalid character in file
asm02.asm(54): error A2044: invalid character in file
asm02.asm(55): error A2044: invalid character in file
asm02.asm(56): error A2044: invalid character in file
asm02.asm(57): error A2044: invalid character in file
asm02.asm(58): error A2044: invalid character in file
asm02.asm(59): error A2044: invalid character in file
asm02.asm(60): error A2044: invalid character in file
asm02.asm(61): error A2044: invalid character in file
asm02.asm(62): error A2044: invalid character in file
asm02.asm(63): error A2044: invalid character in file
asm02.asm(64): error A2044: invalid character in file
asm02.asm(65): error A2044: invalid character in file
asm02.asm(66): error A2044: invalid character in file
asm02.asm(67): error A2044: invalid character in file
asm02.asm(68): error A2044: invalid character in file
asm02.asm(69): error A2044: invalid character in file
asm02.asm(70): error A2044: invalid character in file
asm02.asm(71): error A2044: invalid character in file
asm02.asm(72): error A2044: invalid character in file
asm02.asm(73): error A2044: invalid character in file
asm02.asm(74): error A2044: invalid character in file
asm02.asm(75): error A2044: invalid character in file
asm02.asm(76): error A2044: invalid character in file
asm02.asm(77): error A2044: invalid character in file
asm02.asm(78): error A2044: invalid character in file
asm02.asm(79): error A2044: invalid character in file
asm02.asm(80): error A2044: invalid character in file
asm02.asm(81): error A2044: invalid character in file
asm02.asm(82): error A2044: invalid character in file
asm02.asm(83): error A2044: invalid character in file
asm02.asm(84): error A2044: invalid character in file
asm02.asm(85): error A2044: invalid character in file
asm02.asm(86): error A2044: invalid character in file
asm02.asm(87): error A2044: invalid character in file
asm02.asm(88): error A2044: invalid character in file
asm02.asm(89): error A2044: invalid character in file
asm02.asm(90): error A2044: invalid character in file
asm02.asm(91): error A2044: invalid character in file
asm02.asm(92): error A2044: invalid character in file
asm02.asm(93): error A2044: invalid character in file
asm02.asm(94): error A2044: invalid character in file
asm02.asm(95): error A2044: invalid character in file
asm02.asm(96): error A2044: invalid character in file
asm02.asm(97): error A2044: invalid character in file
asm02.asm(98): error A2044: invalid character in file
asm02.asm(99): error A2044: invalid character in file
asm02.asm(100): error A2044: invalid character in file
asm02.asm(101): error A2044: invalid character in file
asm02.asm(102): error A2044: invalid character in file
asm02.asm(103): error A2044: invalid character in file
asm02.asm(104): error A2044: invalid character in file
asm02.asm(105): error A2044: invalid character in file
asm02.asm(106): error A2044: invalid character in file
asm02.asm(107): error A2044: invalid character in file
asm02.asm(108): error A2044: invalid character in file
asm02.asm(109): error A2044: invalid character in file
asm02.asm(110): error A2044: invalid character in file
asm02.asm(111): error A2044: invalid character in file
asm02.asm(112): fatal error A1012: error count exceeds 100; stopping assembly
C:\Program Files\Microsoft Visual Studio\2022\Community\MSBuild\Microsoft\VC\v170\BuildCustomizations\masm.targets(70,5): error MSB3721: выход из команды "ml64.exe /c /nologo /Zi /Fo"x64\Debug\asm02.obj" /Fl"x64\Debug\\" /W3 /errorReport:prompt  /Taasm02.asm" с кодом "1".
