----- Протокол ----- Дата: 14.12.2022 среда 16:44:18 

----- Параметры -----
-log: Files\\in.txt.log
-out: Files\\in.txt.asm
-in: Files\\in.txt

----- Исходные данные -----
Количество символов	: 35
Проигнорировано		: 1
Количество строк	: 6

Шаг :Правило             Входная лента                 Стек                
0   :S->m{N}S            m{wl;}$                       S$                  
1   : SAVESTATE:          1
1   :                    m{wl;}$                       m{N}S$              
2   :                    {wl;}$                        {N}S$               
3   :                    wl;}$                         N}S$                
4   :N->wE;N             wl;}$                         N}S$                
5   : SAVESTATE:          2
5   :                    wl;}$                         wE;N}S$             
6   :                    l;}$                          E;N}S$              
7   :E->lM               l;}$                          E;N}S$              
8   : SAVESTATE:          3
8   :                    l;}$                          lM;N}S$             
9   :                    ;}$                           M;N}S$              
10  :M->                 ;}$                           M;N}S$              
11  : SAVESTATE:          4
11  :                    ;}$                           ;N}S$               
12  :                    }$                            N}S$                
13  :N->                 }$                            N}S$                
14  : SAVESTATE:          5
14  :                    }$                            }S$                 
15  :                    $                             S$                  
16  :S->                 $                             S$                  
17  : SAVESTATE:          6
17  :                    $                             $                   
18  :                                                                      
19  : LENTA_END           
20  : ------>LENTA_END    
------------------------------------------------------------------------------------------   ------
0   всего строк 7, синтаксический анализ выполнен без ошибок
0   : S->m{N}S            
2   : N->wE;N             
3   : E->lM               
4   : M->                 
5   : N->                 
6   : S->                 

Программа успешно завершена!
