d:\studing\3 семестр\конструирование_программного_обеспечения\лабораторные работы\project\kad-2022\kad-2022\debug\vc143.pdb
d:\studing\3 семестр\конструирование_программного_обеспечения\лабораторные работы\project\kad-2022\kad-2022\debug\vc143.idb
d:\studing\3 семестр\конструирование_программного_обеспечения\лабораторные работы\project\kad-2022\kad-2022\debug\polish.obj
d:\studing\3 семестр\конструирование_программного_обеспечения\лабораторные работы\project\kad-2022\kad-2022\debug\parm.obj
d:\studing\3 семестр\конструирование_программного_обеспечения\лабораторные работы\project\kad-2022\kad-2022\debug\outfile.obj
d:\studing\3 семестр\конструирование_программного_обеспечения\лабораторные работы\project\kad-2022\kad-2022\debug\mfst.obj
d:\studing\3 семестр\конструирование_программного_обеспечения\лабораторные работы\project\kad-2022\kad-2022\debug\lt.obj
d:\studing\3 семестр\конструирование_программного_обеспечения\лабораторные работы\project\kad-2022\kad-2022\debug\log.obj
d:\studing\3 семестр\конструирование_программного_обеспечения\лабораторные работы\project\kad-2022\kad-2022\debug\kad-2022.obj
d:\studing\3 семестр\конструирование_программного_обеспечения\лабораторные работы\project\kad-2022\kad-2022\debug\it.obj
d:\studing\3 семестр\конструирование_программного_обеспечения\лабораторные работы\project\kad-2022\kad-2022\debug\in.obj
d:\studing\3 семестр\конструирование_программного_обеспечения\лабораторные работы\project\kad-2022\kad-2022\debug\grb.obj
d:\studing\3 семестр\конструирование_программного_обеспечения\лабораторные работы\project\kad-2022\kad-2022\debug\fst.obj
d:\studing\3 семестр\конструирование_программного_обеспечения\лабораторные работы\project\kad-2022\kad-2022\debug\error.obj
d:\studing\3 семестр\конструирование_программного_обеспечения\лабораторные работы\project\kad-2022\kad-2022\debug\analizerlex.obj
d:\studing\3 семестр\конструирование_программного_обеспечения\лабораторные работы\project\kad-2022\debug\kad-2022.exe
d:\studing\3 семестр\конструирование_программного_обеспечения\лабораторные работы\project\kad-2022\kad-2022\debug\kad-2022.ilk
d:\studing\3 семестр\конструирование_программного_обеспечения\лабораторные работы\project\kad-2022\debug\kad-2022.pdb
d:\studing\3 семестр\конструирование_программного_обеспечения\лабораторные работы\project\kad-2022\kad-2022\debug\kad-2022.tlog\cl.command.1.tlog
d:\studing\3 семестр\конструирование_программного_обеспечения\лабораторные работы\project\kad-2022\kad-2022\debug\kad-2022.tlog\cl.read.1.tlog
d:\studing\3 семестр\конструирование_программного_обеспечения\лабораторные работы\project\kad-2022\kad-2022\debug\kad-2022.tlog\cl.write.1.tlog
d:\studing\3 семестр\конструирование_программного_обеспечения\лабораторные работы\project\kad-2022\kad-2022\debug\kad-2022.tlog\link.command.1.tlog
d:\studing\3 семестр\конструирование_программного_обеспечения\лабораторные работы\project\kad-2022\kad-2022\debug\kad-2022.tlog\link.read.1.tlog
d:\studing\3 семестр\конструирование_программного_обеспечения\лабораторные работы\project\kad-2022\kad-2022\debug\kad-2022.tlog\link.write.1.tlog
